"../../../Engine/Content/Animation/DefaultAnimCurveCompressionSettings.uasset" 0
"../../../Engine/Content/ArtTools/RenderToTexture/Enums/RenderToTexture_Enum.uasset" 1
"../../../Engine/Content/ArtTools/RenderToTexture/Enums/RenderToTexture_Flipbook_Enum.uasset" 2
"../../../Engine/Content/ArtTools/RenderToTexture/Enums/RenderToTexture_Imposter_Enum.uasset" 3
"../../../Engine/Content/EditorBlueprintResources/StandardMacros.uasset" 4
"../../../Engine/Content/ArtTools/RenderToTexture/Enums/EIntTypes.uasset" 5
"../../../Engine/Content/ArtTools/RenderToTexture/Macros/RenderToTextureFunctionLibrary.uasset" 6
"../../../Engine/Content/ArtTools/RenderToTexture/Enums/EFloatTypes.uasset" 7
"../../../Engine/Content/ArtTools/RenderToTexture/Macros/RenderToTextureMacros.uasset" 8
"../../../Engine/Content/Functions/Engine_MaterialFunctions01/Opacity/CameraDepthFade.uasset" 9
"../../../Engine/Content/EngineMaterials/T_Default_Material_Grid_M.uasset" 10
"../../../Engine/Content/EngineMaterials/T_Default_Material_Grid_N.uasset" 11
"../../../Engine/Content/EngineMaterials/WorldGridMaterial.uasset" 12
"../../../Engine/Content/ArtTools/RenderToTexture/Meshes/S_1_Unit_Plane.uasset" 13
"../../../Engine/Content/EngineMaterials/DefaultMaterial.uasset" 14
"../../../Engine/Content/BasicShapes/Cone.uasset" 15
"../../../Engine/Content/BasicShapes/Cube.uasset" 16
"../../../Engine/Content/BasicShapes/Cylinder.uasset" 17
"../../../Engine/Content/BasicShapes/Plane.uasset" 18
"../../../Engine/Content/BasicShapes/Sphere.uasset" 19
"../../../Engine/Content/EngineMaterials/DefaultPhysicalMaterial.uasset" 20
"../../../Engine/Content/BufferVisualization/AmbientOcclusion.uasset" 21
"../../../Engine/Content/BufferVisualization/BaseColor.uasset" 22
"../../../Engine/Content/BufferVisualization/CustomDepth.uasset" 23
"../../../Engine/Content/Functions/Engine_MaterialFunctions02/Utility/VectorLength.uasset" 24
"../../../Engine/Content/BufferVisualization/CustomDepthWorldUnits.uasset" 25
"../../../Engine/Content/Functions/Engine_MaterialFunctions02/Utility/BreakOutFloat2Components.uasset" 26
"../../../Engine/Content/Functions/Engine_MaterialFunctions01/Texturing/ScaleUVsByCenter.uasset" 27
"../../../Engine/Content/Functions/Engine_MaterialFunctions02/ScreenResolution.uasset" 28
"../../../Engine/Content/Functions/Engine_MaterialFunctions02/Texturing/ScreenAlignedUVs.uasset" 29
"../../../Engine/Content/Functions/Engine_MaterialFunctions02/Utility/MakeFloat2.uasset" 30
"../../../Engine/Content/Functions/Engine_MaterialFunctions02/Utility/MakeFloat3.uasset" 31
"../../../Engine/Content/EngineMaterials/MiniFont.uasset" 32
"../../../Engine/Content/BufferVisualization/CustomStencil.uasset" 33
"../../../Engine/Content/BufferVisualization/FinalImage.uasset" 34
"../../../Engine/Content/BufferVisualization/LightingModel.uasset" 35
"../../../Engine/Content/BufferVisualization/MaterialAO.uasset" 36
"../../../Engine/Content/BufferVisualization/Metallic.uasset" 37
"../../../Engine/Content/BufferVisualization/Opacity.uasset" 38
"../../../Engine/Content/BufferVisualization/PostTonemapHDRColor.uasset" 39
"../../../Engine/Content/BufferVisualization/PreTonemapHDRColor.uasset" 40
"../../../Engine/Content/BufferVisualization/Roughness.uasset" 41
"../../../Engine/Content/BufferVisualization/SceneColor.uasset" 42
"../../../Engine/Content/BufferVisualization/SceneDepth.uasset" 43
"../../../Engine/Content/BufferVisualization/SceneDepthWorldUnits.uasset" 44
"../../../Engine/Content/BufferVisualization/SeparateTranslucencyA.uasset" 45
"../../../Engine/Content/BufferVisualization/SeparateTranslucencyRGB.uasset" 46
"../../../Engine/Content/BufferVisualization/Specular.uasset" 47
"../../../Engine/Content/BufferVisualization/SubsurfaceColor.uasset" 48
"../../../Engine/Content/BufferVisualization/Velocity.uasset" 49
"../../../Engine/Content/BufferVisualization/WorldNormal.uasset" 50
"../../../Engine/Content/EditorBlueprintResources/ActorMacros.uasset" 51
"../../../Engine/Content/EditorLandscapeResources/DataLayer.uasset" 52
"../../../Engine/Content/EditorLandscapeResources/DefaultAlphaTexture.uasset" 53
"../../../Engine/Content/EditorLandscapeResources/LandscapeGizmoHeight_Mat.uasset" 54
"../../../Engine/Content/EditorLandscapeResources/LandscapeGizmo_Mat.uasset" 55
"../../../Engine/Content/EditorLandscapeResources/LandscapeGizmo_Mat_Copied.uasset" 56
"../../../Engine/Content/EditorLandscapeResources/SplineEditorMeshMat.uasset" 57
"../../../Engine/Content/EditorLandscapeResources/SplineEditorMesh.uasset" 58
"../../../Engine/Content/EditorMaterials/Cross.uasset" 59
"../../../Engine/Content/EditorMaterials/Cross_Mat.uasset" 60
"../../../Engine/Content/EditorMaterials/GizmoMaterial.uasset" 61
"../../../Engine/Content/Functions/Engine_MaterialFunctions02/ExampleContent/Textures/flipbook.uasset" 62
"../../../Engine/Content/Functions/Engine_MaterialFunctions02/Texturing/FlipBook.uasset" 63
"../../../Engine/Content/Functions/Engine_MaterialFunctions02/Utility/Sign.uasset" 64
"../../../Engine/Content/Functions/Engine_MaterialFunctions02/Utility/Round.uasset" 65
"../../../Engine/Content/EditorResources/T_EditorHelp.uasset" 66
"../../../Engine/Content/EditorMaterials/HelpActorMaterial.uasset" 67
"../../../Engine/Content/EditorMaterials/CompositeARGBLayer.uasset" 68
"../../../Engine/Content/EditorMaterials/TilingAALineIntegral.uasset" 69
"../../../Engine/Content/EditorMaterials/TilingAALineBoxFiltered.uasset" 70
"../../../Engine/Content/Functions/Engine_MaterialFunctions03/Procedurals/ComputeFilterWidth.uasset" 71
"../../../Engine/Content/EditorMaterials/TilingAADots.uasset" 72
"../../../Engine/Content/EngineMaterials/BlendFunc_DefBase.uasset" 73
"../../../Engine/Content/EngineMaterials/BlendFunc_DefBlend.uasset" 74
"../../../Engine/Content/Functions/Engine_MaterialFunctions03/Blends/Blend_Screen.uasset" 75
"../../../Engine/Content/EditorMaterials/TilingAAGrid.uasset" 76
"../../../Engine/Content/EditorMaterials/LevelGridMaterial.uasset" 77
"../../../Engine/Content/EditorMaterials/MakeCompositeARGBLayer.uasset" 78
"../../../Engine/Content/EditorResources/LevelGrid1DStripes.uasset" 79
"../../../Engine/Content/EditorMaterials/TextureGridCascaded1D.uasset" 80
"../../../Engine/Content/EditorMaterials/TextureGridCascaded2D.uasset" 81
"../../../Engine/Content/EditorMaterials/LevelGridMaterial2.uasset" 82
"../../../Engine/Content/EditorMaterials/MAT_Groups_Toggle.uasset" 83
"../../../Engine/Content/EditorMaterials/MAT_Groups_Visibility.uasset" 84
"../../../Engine/Content/EditorMaterials/AntialiasedGridFloor.uasset" 85
"../../../Engine/Content/EditorResources/TilePatine_D.uasset" 86
"../../../Engine/Content/EditorResources/TilePatine_N.uasset" 87
"../../../Engine/Content/EngineMaterials/Grid.uasset" 88
"../../../Engine/Content/EditorMaterials/PersonaFloorMat.uasset" 89
"../../../Engine/Content/EditorMaterials/PhAT_BoneSelectedMaterial.uasset" 90
"../../../Engine/Content/EditorMaterials/PhAT_ElemSelectedMaterial.uasset" 91
"../../../Engine/Content/EditorMaterials/PhAT_NoCollisionMaterial.uasset" 92
"../../../Engine/Content/EditorMaterials/PhAT_UnselectedMaterial.uasset" 93
"../../../Engine/Content/EditorMaterials/PreviewShadowIndicator.uasset" 94
"../../../Engine/Content/EditorMaterials/PreviewShadowIndicatorMaterial.uasset" 95
"../../../Engine/Content/EditorMaterials/TargetIcon.uasset" 96
"../../../Engine/Content/EditorMaterials/Tick.uasset" 97
"../../../Engine/Content/EditorMaterials/Tick_Mat.uasset" 98
"../../../Engine/Content/EditorMaterials/WidgetGridVertexColorMaterial.uasset" 99
"../../../Engine/Content/EditorMaterials/WidgetGridVertexColorMaterial_Ma.uasset" 100
"../../../Engine/Content/EditorMaterials/WidgetMaterial.uasset" 101
"../../../Engine/Content/EditorMaterials/WidgetMaterial_Current.uasset" 102
"../../../Engine/Content/EditorMaterials/WidgetMaterial_X.uasset" 103
"../../../Engine/Content/EditorMaterials/WidgetMaterial_Y.uasset" 104
"../../../Engine/Content/EditorMaterials/WidgetMaterial_Z.uasset" 105
"../../../Engine/Content/EditorMaterials/WidgetVertexColorMaterial.uasset" 106
"../../../Engine/Content/EditorMaterials/MatineeGroups/MAT_ColorTrack.uasset" 107
"../../../Engine/Content/EditorMaterials/MatineeGroups/MAT_Groups_Anim.uasset" 108
"../../../Engine/Content/EditorMaterials/MatineeGroups/MAT_Groups_AudioMaster.uasset" 109
"../../../Engine/Content/EditorMaterials/MatineeGroups/MAT_Groups_Director.uasset" 110
"../../../Engine/Content/EditorMaterials/MatineeGroups/MAT_Groups_Event.uasset" 111
"../../../Engine/Content/EditorMaterials/MatineeGroups/MAT_Groups_Fade.uasset" 112
"../../../Engine/Content/EditorMaterials/MatineeGroups/MAT_Groups_Float.uasset" 113
"../../../Engine/Content/EditorMaterials/MatineeGroups/MAT_Groups_Move.uasset" 114
"../../../Engine/Content/EditorMaterials/MatineeGroups/MAT_Groups_Slomo.uasset" 115
"../../../Engine/Content/EditorMaterials/MatineeGroups/MAT_Groups_Sound.uasset" 116
"../../../Engine/Content/EditorMaterials/MatineeGroups/MAT_Groups_Vector.uasset" 117
"../../../Engine/Content/EditorMaterials/ParticleSystems/PSysThumbnail_NoImage.uasset" 118
"../../../Engine/Content/EditorMaterials/ParticleSystems/PSysThumbnail_OOD.uasset" 119
"../../../Engine/Content/EditorMaterials/Thumbnails/FloorPlaneMaterial.uasset" 120
"../../../Engine/Content/EditorMeshes/EditorCube.uasset" 121
"../../../Engine/Content/EditorMeshes/EditorCylinder.uasset" 122
"../../../Engine/Content/EditorMeshes/EditorPlane.uasset" 123
"../../../Engine/Content/EditorMaterials/Thumbnails/SkySphereMaterial.uasset" 124
"../../../Engine/Content/EditorMeshes/EditorSkySphere.uasset" 125
"../../../Engine/Content/EditorMeshes/EditorSphere.uasset" 126
"../../../Engine/Content/EditorResources/MatineeCam_D.uasset" 127
"../../../Engine/Content/EditorMaterials/MatineeCam_mat.uasset" 128
"../../../Engine/Content/EditorMeshes/MatineeCam_SM.uasset" 129
"../../../Engine/Content/Functions/Engine_MaterialFunctions01/Shading/ConvertFromDiffSpec.uasset" 130
"../../../Engine/Content/EditorMaterials/GridMaterial.uasset" 131
"../../../Engine/Content/EditorMeshes/PhAT_FloorBox.uasset" 132
"../../../Engine/Content/EditorMeshes/PlanarReflectionPlane.uasset" 133
"../../../Engine/Content/EditorMaterials/Camera/CineMat.uasset" 134
"../../../Engine/Content/EditorMaterials/Camera/MI_CineMat_CameraBody.uasset" 135
"../../../Engine/Content/EngineDebugMaterials/M_SimpleOpaque.uasset" 136
"../../../Engine/Content/EditorMaterials/Camera/MI_CineMat_CamViewFinder.uasset" 137
"../../../Engine/Content/EditorMeshes/Camera/SM_CineCam.uasset" 138
"../../../Engine/Content/EditorMaterials/Camera/MI_CineMat_Rig.uasset" 139
"../../../Engine/Content/EditorMeshes/Camera/SM_CraneRig_Arm.uasset" 140
"../../../Engine/Content/EditorMeshes/Camera/SM_CraneRig_Base.uasset" 141
"../../../Engine/Content/EditorMeshes/Camera/SM_CraneRig_Body.uasset" 142
"../../../Engine/Content/EditorMeshes/Camera/SM_CraneRig_Mount.uasset" 143
"../../../Engine/Content/EditorMeshes/Camera/SM_RailRig_Mount.uasset" 144
"../../../Engine/Content/EditorMeshes/Camera/SM_RailRig_Track.uasset" 145
"../../../Engine/Content/EditorMeshes/ColorCalibrator/M_ChromeBall.uasset" 146
"../../../Engine/Content/EditorResources/Bad.uasset" 147
"../../../Engine/Content/EditorResources/BSPVertex.uasset" 148
"../../../Engine/Content/EditorResources/EmptyActor.uasset" 149
"../../../Engine/Content/EditorResources/MatInstActSprite.uasset" 150
"../../../Engine/Content/EditorResources/SceneManager.uasset" 151
"../../../Engine/Content/EditorResources/SmallFont.uasset" 152
"../../../Engine/Content/EditorResources/S_Actor.uasset" 153
"../../../Engine/Content/EditorResources/S_DecalActorIcon.uasset" 154
"../../../Engine/Content/EditorResources/S_Emitter.uasset" 155
"../../../Engine/Content/EditorResources/S_ExpoHeightFog.uasset" 156
"../../../Engine/Content/EditorResources/S_FTest.uasset" 157
"../../../Engine/Content/EditorResources/S_KBSJoint.uasset" 158
"../../../Engine/Content/EditorResources/S_KHinge.uasset" 159
"../../../Engine/Content/EditorResources/S_KPrismatic.uasset" 160
"../../../Engine/Content/EditorResources/S_LevelSequence.uasset" 161
"../../../Engine/Content/EditorResources/S_NavP.uasset" 162
"../../../Engine/Content/EditorResources/S_Note.uasset" 163
"../../../Engine/Content/EditorResources/S_Player.uasset" 164
"../../../Engine/Content/EditorResources/S_PortalActorIcon2.uasset" 165
"../../../Engine/Content/EditorResources/S_RadForce.uasset" 166
"../../../Engine/Content/EditorResources/S_ReflActorIcon.uasset" 167
"../../../Engine/Content/EditorResources/S_Solver.uasset" 168
"../../../Engine/Content/EditorResources/S_Terrain.uasset" 169
"../../../Engine/Content/EditorResources/S_TextRenderActorIcon.uasset" 170
"../../../Engine/Content/EditorResources/S_Thruster.uasset" 171
"../../../Engine/Content/EditorResources/S_Trigger.uasset" 172
"../../../Engine/Content/EditorResources/S_VectorFieldVol.uasset" 173
"../../../Engine/Content/EditorResources/S_WindDirectional.uasset" 174
"../../../Engine/Content/EditorResources/AI/S_NavLink.uasset" 175
"../../../Engine/Content/EditorResources/AudioIcons/S_AudioComponent_AutoActivate.uasset" 176
"../../../Engine/Content/EditorResources/LightIcons/SkyLight.uasset" 177
"../../../Engine/Content/EditorResources/LightIcons/S_LightDirectional.uasset" 178
"../../../Engine/Content/EditorResources/LightIcons/S_LightDirectionalMove.uasset" 179
"../../../Engine/Content/EditorResources/LightIcons/S_LightError.uasset" 180
"../../../Engine/Content/EditorResources/LightIcons/S_LightPoint.uasset" 181
"../../../Engine/Content/EditorResources/LightIcons/S_LightPointMove.uasset" 182
"../../../Engine/Content/EditorResources/LightIcons/S_LightSpot.uasset" 183
"../../../Engine/Content/EditorResources/LightIcons/S_LightSpotMove.uasset" 184
"../../../Engine/Content/EditorResources/SequenceRecorder/Countdown.uasset" 185
"../../../Engine/Content/EditorResources/SequenceRecorder/RecordingIndicator.uasset" 186
"../../../Engine/Content/EditorResources/Spline/T_Loft_Spline.uasset" 187
"../../../Engine/Content/EditorSounds/Notifications/CompileFailed.uasset" 188
"../../../Engine/Content/EditorSounds/Notifications/CompileFailed_Cue.uasset" 189
"../../../Engine/Content/EditorSounds/Notifications/CompileSuccess.uasset" 190
"../../../Engine/Content/EditorSounds/Notifications/CompileStart_Cue.uasset" 191
"../../../Engine/Content/EditorSounds/Notifications/CompileSuccess_Cue.uasset" 192
"../../../Engine/Content/EngineDamageTypes/DmgTypeBP_Environmental.uasset" 193
"../../../Engine/Content/EngineDebugMaterials/HeatmapGradient.uasset" 194
"../../../Engine/Content/EngineDebugMaterials/BoneWeightMaterial.uasset" 195
"../../../Engine/Content/EngineDebugMaterials/ClothMaterial.uasset" 196
"../../../Engine/Content/EngineDebugMaterials/ClothMaterial_WF.uasset" 197
"../../../Engine/Content/EngineDebugMaterials/DebugEditorMaterial.uasset" 198
"../../../Engine/Content/EngineDebugMaterials/DebugMeshMaterial.uasset" 199
"../../../Engine/Content/EngineDebugMaterials/GeomMaterial.uasset" 200
"../../../Engine/Content/EngineDebugMaterials/LevelColorationLitMaterial.uasset" 201
"../../../Engine/Content/EngineDebugMaterials/LevelColorationUnlitMaterial.uasset" 202
"../../../Engine/Content/EngineMaterials/DefaultWhiteGrid.uasset" 203
"../../../Engine/Content/EngineDebugMaterials/MAT_LevelColorationLitLightmapUV.uasset" 204
"../../../Engine/Content/EngineDebugMaterials/M_SimpleTranslucent.uasset" 205
"../../../Engine/Content/Functions/Engine_MaterialFunctions02/Utility/CameraDirectionVector.uasset" 206
"../../../Engine/Content/EngineDebugMaterials/VolumeToRender.uasset" 207
"../../../Engine/Content/EngineDebugMaterials/M_VolumeRenderSphereTracePP.uasset" 208
"../../../Engine/Content/EngineDebugMaterials/ShadedLevelColorationLitMaterial.uasset" 209
"../../../Engine/Content/EngineDebugMaterials/ShadedLevelColorationUnlitMateri.uasset" 210
"../../../Engine/Content/EngineDebugMaterials/VertexColorMaterial.uasset" 211
"../../../Engine/Content/EngineDebugMaterials/VertexColorViewMode_AlphaAsColor.uasset" 212
"../../../Engine/Content/EngineDebugMaterials/VertexColorViewMode_BlueOnly.uasset" 213
"../../../Engine/Content/EngineDebugMaterials/VertexColorViewMode_ColorOnly.uasset" 214
"../../../Engine/Content/EngineDebugMaterials/VertexColorViewMode_GreenOnly.uasset" 215
"../../../Engine/Content/EngineDebugMaterials/VertexColorViewMode_RedOnly.uasset" 216
"../../../Engine/Content/EngineDebugMaterials/WireframeMaterial.uasset" 217
"../../../Engine/Content/EngineFonts/Faces/RobotoBold.uasset" 218
"../../../Engine/Content/EngineFonts/Faces/RobotoBoldItalic.uasset" 219
"../../../Engine/Content/EngineFonts/Faces/RobotoItalic.uasset" 220
"../../../Engine/Content/EngineFonts/Faces/RobotoLight.uasset" 221
"../../../Engine/Content/EngineFonts/Faces/RobotoRegular.uasset" 222
"../../../../../../Users/student/Documents/Unreal Projects/MyGame/Content/NanumGothic.uasset" 223
"../../../Engine/Content/EngineFonts/Roboto.uasset" 224
"../../../Engine/Content/EngineFonts/Faces/RobotoTiny.uasset" 225
"../../../Engine/Content/EngineFonts/RobotoTiny.uasset" 226
"../../../Engine/Content/EngineFonts/SmallFont.uasset" 227
"../../../Engine/Content/EngineFonts/TinyFont.uasset" 228
"../../../Engine/Content/EngineMaterials/BaseFlattenDiffuseMap.uasset" 229
"../../../Engine/Content/EngineMaterials/BaseFlattenEmissiveMap.uasset" 230
"../../../Engine/Content/EngineMaterials/BaseFlattenGrayscaleMap.uasset" 231
"../../../Engine/Content/EngineMaterials/BaseFlattenNormalMap.uasset" 232
"../../../Engine/Content/EngineMaterials/BaseFlattenMaterial.uasset" 233
"../../../Engine/Content/EngineResources/WhiteSquareTexture.uasset" 234
"../../../Engine/Content/EngineMaterials/BlinkingCaret.uasset" 235
"../../../Engine/Content/EngineMaterials/BlueNoise.uasset" 236
"../../../Engine/Content/EngineMaterials/DefaultBloomKernel.uasset" 237
"../../../Engine/Content/EngineMaterials/DefaultBokeh.uasset" 238
"../../../Engine/Content/EngineMaterials/DefaultDiffuse.uasset" 239
"../../../Engine/Content/EngineMaterials/DefaultDeferredDecalMaterial.uasset" 240
"../../../Engine/Content/EngineMaterials/DefaultLightFunctionMaterial.uasset" 241
"../../../Engine/Content/EngineMaterials/DefaultNormal.uasset" 242
"../../../Engine/Content/EngineMaterials/DefaultPostProcessMaterial.uasset" 243
"../../../Engine/Content/EngineFonts/RobotoDistanceField.uasset" 244
"../../../Engine/Content/EngineMaterials/DefaultTextMaterialOpaque.uasset" 245
"../../../Engine/Content/EngineMaterials/DefaultVirtualTextureMaterial.uasset" 246
"../../../Engine/Content/EngineMaterials/EditorBrushMaterial.uasset" 247
"../../../Engine/Content/EngineMaterials/DefaultWhiteGrid_Low.uasset" 248
"../../../Engine/Content/EngineMaterials/EmissiveMeshMaterial.uasset" 249
"../../../Engine/Content/EngineMaterials/Good64x64TilingNoiseHighFreq.uasset" 250
"../../../Engine/Content/EngineMaterials/Grid_N.uasset" 251
"../../../Engine/Content/EngineMaterials/HighResolutionScreenshotMaskFunction.uasset" 252
"../../../Engine/Content/EngineMaterials/HighResScreenshot.uasset" 253
"../../../Engine/Content/EngineMaterials/HighResScreenshotCaptureRegion.uasset" 254
"../../../Engine/Content/EngineMaterials/HighResScreenshotMask.uasset" 255
"../../../Engine/Content/EngineMaterials/LandscapeHolePhysicalMaterial.uasset" 256
"../../../Engine/Content/EngineMaterials/InvalidLightmapSettings.uasset" 257
"../../../Engine/Content/EngineMaterials/M_InvalidLightmapSettings.uasset" 258
"../../../Engine/Content/EngineMaterials/PaperDiffuse.uasset" 259
"../../../Engine/Content/EngineMaterials/PaperNormal.uasset" 260
"../../../Engine/Content/Functions/Engine_MaterialFunctions02/WorldPositionOffset/CameraOffset.uasset" 261
"../../../Engine/Content/EngineMaterials/PhAT_JointLimitMaterial.uasset" 262
"../../../Engine/Content/EngineMaterials/PhysMat_Rubber.uasset" 263
"../../../Engine/Content/EngineMaterials/PreintegratedSkinBRDF.uasset" 264
"../../../Engine/Content/EngineMaterials/RemoveSurfaceMaterial.uasset" 265
"../../../Engine/Content/EngineMaterials/WeightMapPlaceholderTexture.uasset" 266
"../../../Engine/Content/EngineMaterials/Widget3DPassThrough.uasset" 267
"../../../Engine/Content/EngineMaterials/Widget3DPassThrough_Masked.uasset" 268
"../../../Engine/Content/EngineMaterials/Widget3DPassThrough_Opaque.uasset" 269
"../../../Engine/Content/EngineMaterials/Widget3DPassThrough_Masked_OneSided.uasset" 270
"../../../Engine/Content/EngineMaterials/Widget3DPassThrough_Opaque_OneSided.uasset" 271
"../../../Engine/Content/EngineMaterials/Widget3DPassThrough_Translucent.uasset" 272
"../../../Engine/Content/EngineMaterials/Widget3DPassThrough_Translucent_OneSided.uasset" 273
"../../../Engine/Content/EngineMeshes/Cylinder.uasset" 274
"../../../Engine/Content/EngineMeshes/Sphere.uasset" 275
"../../../Engine/Content/EngineResources/Black.uasset" 276
"../../../Engine/Content/EngineResources/DefaultTexture.uasset" 277
"../../../Engine/Content/EngineResources/DefaultTextureCube.uasset" 278
"../../../Engine/Content/EngineResources/DefaultVolumeTexture2D.uasset" 279
"../../../Engine/Content/EngineResources/DefaultVolumeTexture.uasset" 280
"../../../Engine/Content/EngineResources/GradientTexture0.uasset" 281
"../../../Engine/Content/EngineResources/StreamingPauseIcon.uasset" 282
"../../../Engine/Content/EngineResources/M_StreamingPause.uasset" 283
"../../../Engine/Content/EngineSounds/Master.uasset" 284
"../../../Engine/Content/Functions/Engine_MaterialFunctions01/Shading/PowerToRoughness.uasset" 285
"../../../Engine/Content/Maps/Templates/Thumbnails/Default.uasset" 286
"../../../Engine/Content/Maps/Templates/Thumbnails/VR-Basic.uasset" 287
"../../../Engine/Content/MapTemplates/Sky/DaylightAmbientCubemap.uasset" 288
"../../../Engine/Content/MobileResources/T_MobileControls_texture.uasset" 289
"../../../Engine/Content/MobileResources/T_MobileMenu2.uasset" 290
"../../../Engine/Content/MobileResources/HUD/AnalogHat.uasset" 291
"../../../Engine/Content/MobileResources/HUD/VirtualJoystick_Background.uasset" 292
"../../../Engine/Content/MobileResources/HUD/VirtualJoystick_Thumb.uasset" 293
"../../../Engine/Content/MobileResources/HUD/DefaultVirtualJoysticks.uasset" 294
"../../../Engine/Content/MobileResources/HUD/LeftVirtualJoystickOnly.uasset" 295
"../../../Engine/Content/MobileResources/HUD/MobileHUDButton1_off.uasset" 296
"../../../Engine/Content/MobileResources/HUD/MobileHUDButton1_on.uasset" 297
"../../../Engine/Content/MobileResources/HUD/MobileHUDButton2_off.uasset" 298
"../../../Engine/Content/MobileResources/HUD/MobileHUDButton2_on.uasset" 299
"../../../Engine/Content/MobileResources/HUD/MobileHUDButton3.uasset" 300
"../../../Engine/Content/MobileResources/HUD/MobileHUDButtonFire.uasset" 301
"../../../Engine/Content/MobileResources/HUD/MobileHUDDirectionPad.uasset" 302
"../../../Engine/Content/MobileResources/HUD/MobileHUDDirectionPad2.uasset" 303
"../../../Engine/Content/MobileResources/HUD/MobileHUDDirectionPad3.uasset" 304
"../../../Engine/Content/MobileResources/HUD/MobileHUDDirectionStick.uasset" 305
"../../../Engine/Content/MobileResources/HUD/T_Castle_ThumbstickInner.uasset" 306
"../../../Engine/Content/MobileResources/HUD/T_Castle_ThumbstickOutter.uasset" 307
"../../../Engine/Content/Tutorial/ContentIntroCurve.uasset" 308
"../../../Engine/Content/Tutorial/Basics/LevelEditorAttract.uasset" 309
"../../../Engine/Content/Tutorial/Basics/TutorialAssets/icon_tab_Levels_40x.uasset" 310
"../../../Engine/Content/Tutorial/Basics/LevelEditorOverview.uasset" 311
"../../../Engine/Content/Tutorial/BlueprintTutorials/TutorialAssets/Blueprint_64x.uasset" 312
"../../../Engine/Content/Tutorial/BlueprintTutorials/BlueprintEditorTutorial.uasset" 313
"../../../Engine/Content/Tutorial/BlueprintTutorials/LevelBlueprintEditorOverview.uasset" 314
"../../../Engine/Content/Tutorial/BlueprintTutorials/TutorialAssets/Tutorial_BP_MacroLib.uasset" 315
"../../../Engine/Content/Tutorial/Landscape/TutorialAssets/Landscape.uasset" 316
"../../../Engine/Content/Tutorial/Landscape/LandscapeWalkThrough.uasset" 317
"../../../Engine/Content/Tutorial/Landscape/Landscape_Manage_Mode.uasset" 318
"../../../Engine/Content/Tutorial/Landscape/Landscape_Painting_Mode.uasset" 319
"../../../Engine/Content/Tutorial/Landscape/Landscape_Sculpt_Mode.uasset" 320
"../../../Engine/Content/VREditor/LaserPointer/VR_LaserPower_01.uasset" 321
"../../../Engine/Content/VREditor/TransformGizmo/TransformGizmoMaterial.uasset" 322
"../../../Engine/Content/VREditor/TransformGizmo/TranslucentTransformGizmoMaterial.uasset" 323
"../../../Engine/Content/VREditor/TransformGizmo/BoundingBoxCorner.uasset" 324
"../../../Engine/Content/VREditor/TransformGizmo/BoundingBoxEdge.uasset" 325
"../../../Engine/Content/VREditor/TransformGizmo/PlaneTranslationHandle.uasset" 326
"../../../Engine/Content/VREditor/TransformGizmo/Main.uasset" 327
"../../../Engine/Content/VREditor/TransformGizmo/Xray.uasset" 328
"../../../Engine/Content/VREditor/TransformGizmo/SM_Sequencer_Key.uasset" 329
"../../../Engine/Content/VREditor/TransformGizmo/SM_Sequencer_Node.uasset" 330
"../../../../../../Users/student/Documents/Unreal Projects/MyGame/Content/StarterContent/Audio/Starter_Birds01.uasset" 331
"../../../../../../Users/student/Documents/Unreal Projects/MyGame/Content/StarterContent/Audio/Starter_Wind05.uasset" 332
"../../../../../../Users/student/Documents/Unreal Projects/MyGame/Content/StarterContent/Audio/Starter_Wind06.uasset" 333
"../../Plugins/2D/Paper2D/Content/PlaceholderTextures/DummySpriteTexture.uasset" 334
"../../Plugins/2D/Paper2D/Content/DummySprite.uasset" 335
"../../Plugins/2D/Paper2D/Content/DefaultPaperTerrainMaterial.uasset" 336
"../../Plugins/2D/Paper2D/Content/DefaultSpriteMaterial.uasset" 337
"../../Plugins/2D/Paper2D/Content/MaskedUnlitSpriteMaterial.uasset" 338
"../../Plugins/2D/Paper2D/Content/OpaqueUnlitSpriteMaterial.uasset" 339
"../../Plugins/Enterprise/DatasmithContent/Content/Blueprints/FBXImporter/ArrayOfActor.uasset" 340
"../../Plugins/Enterprise/DatasmithContent/Content/Blueprints/FBXImporter/ArrayOfSwitch.uasset" 341
"../../Plugins/Enterprise/DatasmithContent/Content/Blueprints/FBXImporter/BP_SceneNode.uasset" 342
"../../Plugins/Enterprise/DatasmithContent/Content/Blueprints/FBXImporter/BP_Switch.uasset" 343
"../../Plugins/Enterprise/DatasmithContent/Content/Blueprints/FBXImporter/BP_SceneRoot.uasset" 344
"../../Plugins/Enterprise/DatasmithContent/Content/Blueprints/FBXImporter/FBXImporterUtils.uasset" 345
"../../Plugins/Enterprise/DatasmithContent/Content/Blueprints/FBXImporter/Animation/DeltaGenAnimationTrackType.uasset" 346
"../../Plugins/Enterprise/DatasmithContent/Content/Blueprints/FBXImporter/Animation/VREDAnimationTrackComponent.uasset" 347
"../../Plugins/Enterprise/DatasmithContent/Content/Blueprints/FBXImporter/Animation/VREDAnimationTrackType.uasset" 348
"../../Plugins/Enterprise/DatasmithContent/Content/Blueprints/FBXImporter/Animation/VREDAnimCurveComponent.uasset" 349
"../../Plugins/Enterprise/DatasmithContent/Content/Blueprints/FBXImporter/Animation/VREDAnimCurveType.uasset" 350
"../../Plugins/Enterprise/DatasmithContent/Content/Blueprints/FBXImporter/Variants/VariantSwitchType.uasset" 351
"../../Plugins/Enterprise/DatasmithContent/Content/Blueprints/FBXImporter/Variants/VREDVariantSwitchType.uasset" 352
"../../Plugins/Enterprise/DatasmithContent/Content/Blueprints/FBXImporter/Variants/VREDVariantType.uasset" 353
"../../Plugins/Runtime/Oculus/OculusVR/Content/OculusMR_RenderTarget.uasset" 354
"../../../Engine/Content/Functions/Engine_MaterialFunctions02/Utility/BreakOutFloat4Components.uasset" 355
"../../Plugins/Runtime/Oculus/OculusVR/Content/Materials/OculusMR_ChromaKey.uasset" 356
"../../Plugins/Runtime/Oculus/OculusVR/Content/Materials/OculusMR_ChromaKey_Lit.uasset" 357
"../../Plugins/Runtime/Oculus/OculusVR/Content/Materials/OculusMR_OpaqueColoredMaterial.uasset" 358
"../../Plugins/Runtime/Oculus/OculusVR/Content/Materials/OculusMR_WhiteMaterial.uasset" 359
"../../../Engine/Content/Maps/Entry_BuiltData.uasset" 360
"../../../Engine/Content/Maps/Entry.umap" 361
"../../../../../../Users/student/Documents/Unreal Projects/MyGame/Content/MY/3Character/free_male_1_Skeleton.uasset" 362
"../../../../../../Users/student/Documents/Unreal Projects/MyGame/Content/MY/3Character/Animations/common_people_jump-down.uasset" 363
"../../../../../../Users/student/Documents/Unreal Projects/MyGame/Content/MY/3Character/Animations/common_people_jump-float.uasset" 364
"../../../../../../Users/student/Documents/Unreal Projects/MyGame/Content/MY/3Character/Animations/common_people_jump-up.uasset" 365
"../../../../../../Users/student/Documents/Unreal Projects/MyGame/Content/MY/3Character/ACP_Jump.uasset" 366
"../../../../../../Users/student/Documents/Unreal Projects/MyGame/Content/MY/3Character/Animations/common_people_wave.uasset" 367
"../../../../../../Users/student/Documents/Unreal Projects/MyGame/Content/MY/3Character/Animations/common_people_idle.uasset" 368
"../../../Engine/Content/VREditor/Sounds/UI/Foliage_Placed.uasset" 369
"../../../../../../Users/student/Documents/Unreal Projects/MyGame/Content/MY/3Character/Animations/common_people_run.uasset" 370
"../../../../../../Users/student/Documents/Unreal Projects/MyGame/Content/MY/3Character/ABs_IdleAndRun.uasset" 371
"../../../../../../Users/student/Documents/Unreal Projects/MyGame/Content/MY/3Character/ABP_MyPlayer.uasset" 372
"../../../../../../Users/student/Documents/Unreal Projects/MyGame/Content/MY/2Sprite/PolygonStarter_Texture_01.uasset" 373
"../../../../../../Users/student/Documents/Unreal Projects/MyGame/Content/MY/1Matirial/mat_Prop_Defult.uasset" 374
"../../../../../../Users/student/Documents/Unreal Projects/MyGame/Content/MY/2Sprite/free_male_1_body_diffuse.uasset" 375
"../../../../../../Users/student/Documents/Unreal Projects/MyGame/Content/MY/1Matirial/MAT_Charactor_Body.uasset" 376
"../../../../../../Users/student/Documents/Unreal Projects/MyGame/Content/MY/2Sprite/free_male_1_head_diffuse.uasset" 377
"../../../../../../Users/student/Documents/Unreal Projects/MyGame/Content/MY/1Matirial/MAT_Charactor_Head.uasset" 378
"../../../../../../Users/student/Documents/Unreal Projects/MyGame/Content/MY/3Character/free_male_1_PhysicsAsset.uasset" 379
"../../../../../../Users/student/Documents/Unreal Projects/MyGame/Content/MY/3Character/free_male_1.uasset" 380
"../../../../../../Users/student/Documents/Unreal Projects/MyGame/Content/MY/5BP/BP_MyPlayer.uasset" 381
"../../../../../../Users/student/Documents/Unreal Projects/MyGame/Content/MY/2Sprite/PolygonStarter_Texture_04.uasset" 382
"../../../../../../Users/student/Documents/Unreal Projects/MyGame/Content/MY/1Matirial/MAT_Prop_Yellow.uasset" 383
"../../../../../../Users/student/Documents/Unreal Projects/MyGame/Content/MY/1Mesh/SM_PolygonPrototype_Icon_Coin_01_SM_PolygonPrototype_Icon_Coin_01.uasset" 384
"../../../../../../Users/student/Documents/Unreal Projects/MyGame/Content/MY/5BP/BP_Coin.uasset" 385
"../../../../../../Users/student/Documents/Unreal Projects/MyGame/Content/MY/5BP/BPE_MonsterState.uasset" 386
"../../../../../../Users/student/Documents/Unreal Projects/MyGame/Content/MY/5BP/BP_Monster.uasset" 387
"../../../../../../Users/student/Documents/Unreal Projects/MyGame/Content/MY/5BP/BPS_NPCInfo.uasset" 388
"../../../../../../Users/student/Documents/Unreal Projects/MyGame/Content/MY/7IMG/NPC_Dialog_Table.uasset" 389
"../../../../../../Users/student/Documents/Unreal Projects/MyGame/Content/MY/2Sprite/PolygonStarter_Texture_02.uasset" 390
"../../../../../../Users/student/Documents/Unreal Projects/MyGame/Content/MY/1Matirial/MAT_Prop_Red.uasset" 391
"../../../../../../Users/student/Documents/Unreal Projects/MyGame/Content/MY/1Mesh/SM_Bean_Female_01.uasset" 392
"../../../../../../Users/student/Documents/Unreal Projects/MyGame/Content/MY/7IMG/dialog_bg.uasset" 393
"../../../../../../Users/student/Documents/Unreal Projects/MyGame/Content/MY/6UMG/UMG_UIE_Dialog.uasset" 394
"../../../../../../Users/student/Documents/Unreal Projects/MyGame/Content/MY/5BP/BP_NPC.uasset" 395
"../../../../../../Users/student/Documents/Unreal Projects/MyGame/Content/MY/4Monster/SlimeMesh_Skeleton.uasset" 396
"../../../../../../Users/student/Documents/Unreal Projects/MyGame/Content/MY/4Monster/Animations/slime/Die_Slime_Anim.uasset" 397
"../../../../../../Users/student/Documents/Unreal Projects/MyGame/Content/MY/4Monster/Animations/slime/IdleNormal_Slime_Anim.uasset" 398
"../../../../../../Users/student/Documents/Unreal Projects/MyGame/Content/MY/4Monster/Animations/slime/Walk_Slime_Anim.uasset" 399
"../../../../../../Users/student/Documents/Unreal Projects/MyGame/Content/MY/4Monster/ABP_Slime.uasset" 400
"../../../../../../Users/student/Documents/Unreal Projects/MyGame/Content/MY/2Sprite/PolyartDefaultTex.uasset" 401
"../../../../../../Users/student/Documents/Unreal Projects/MyGame/Content/MY/1Matirial/MAT_Monster.uasset" 402
"../../../../../../Users/student/Documents/Unreal Projects/MyGame/Content/MY/4Monster/SlimeMesh_PhysicsAsset.uasset" 403
"../../../../../../Users/student/Documents/Unreal Projects/MyGame/Content/MY/4Monster/SlimeMesh.uasset" 404
"../../../../../../Users/student/Documents/Unreal Projects/MyGame/Content/MY/5BP/BP_Slime.uasset" 405
"../../../../../../Users/student/Documents/Unreal Projects/MyGame/Content/MY/4Monster/TurtleShellMesh_PhysicsAsset.uasset" 406
"../../../../../../Users/student/Documents/Unreal Projects/MyGame/Content/MY/4Monster/TurtleShellMesh_Skeleton.uasset" 407
"../../../../../../Users/student/Documents/Unreal Projects/MyGame/Content/MY/4Monster/TurtleShellMesh.uasset" 408
"../../../../../../Users/student/Documents/Unreal Projects/MyGame/Content/StarterContent/Textures/T_Burst_M.uasset" 409
"../../../../../../Users/student/Documents/Unreal Projects/MyGame/Content/StarterContent/Particles/Materials/M_Burst.uasset" 410
"../../../../../../Users/student/Documents/Unreal Projects/MyGame/Content/StarterContent/Textures/T_Explosion_SubUV.uasset" 411
"../../../../../../Users/student/Documents/Unreal Projects/MyGame/Content/StarterContent/Particles/Materials/M_explosion_subUV.uasset" 412
"../../../../../../Users/student/Documents/Unreal Projects/MyGame/Content/StarterContent/Particles/Materials/m_flare_01.uasset" 413
"../../../Engine/Content/Functions/Engine_MaterialFunctions01/Gradient/RadialGradient.uasset" 414
"../../../../../../Users/student/Documents/Unreal Projects/MyGame/Content/StarterContent/Particles/Materials/M_radial_ramp.uasset" 415
"../../../../../../Users/student/Documents/Unreal Projects/MyGame/Content/StarterContent/Textures/T_Smoke_SubUV.uasset" 416
"../../../../../../Users/student/Documents/Unreal Projects/MyGame/Content/StarterContent/Textures/T_Smoke_Tiled_D.uasset" 417
"../../../../../../Users/student/Documents/Unreal Projects/MyGame/Content/StarterContent/Particles/Materials/M_smoke_subUV.uasset" 418
"../../../../../../Users/student/Documents/Unreal Projects/MyGame/Content/StarterContent/Particles/P_Explosion.uasset" 419
"../../../../../../Users/student/Documents/Unreal Projects/MyGame/Content/MY/5BP/BP_Turtlemon.uasset" 420
"../../../Engine/Content/Functions/Engine_MaterialFunctions02/Utility/BlendAngleCorrectedNormals.uasset" 421
"../../../../../../Users/student/Documents/Unreal Projects/MyGame/Content/StarterContent/Textures/T_Perlin_Noise_M.uasset" 422
"../../../../../../Users/student/Documents/Unreal Projects/MyGame/Content/StarterContent/Textures/T_Water_M.uasset" 423
"../../../../../../Users/student/Documents/Unreal Projects/MyGame/Content/StarterContent/Textures/T_Water_N.uasset" 424
"../../../../../../Users/student/Documents/Unreal Projects/MyGame/Content/StarterContent/Materials/M_Water_Ocean.uasset" 425
"../../../Engine/Content/EngineMeshes/Cube.uasset" 426
"../../../../../../Users/student/Documents/Unreal Projects/MyGame/Content/MY/5BP/BP_Water.uasset" 427
"../../../../../../Users/student/Documents/Unreal Projects/MyGame/Content/MY/0Map/MyMap_BuiltData.uasset" 428
"../../../../../../Users/student/Documents/Unreal Projects/MyGame/Content/MY/2Sprite/Simple_Sky_Texture_01.uasset" 429
"../../../../../../Users/student/Documents/Unreal Projects/MyGame/Content/MY/1Matirial/MAT_Sky.uasset" 430
"../../../../../../Users/student/Documents/Unreal Projects/MyGame/Content/MY/1Matirial/MAT_Prop_Blue.uasset" 431
"../../../../../../Users/student/Documents/Unreal Projects/MyGame/Content/MY/1Mesh/SM_Generic_Ground_Flat_01.uasset" 432
"../../../../../../Users/student/Documents/Unreal Projects/MyGame/Content/MY/1Mesh/SM_Generic_Mountains_Grass_02.uasset" 433
"../../../../../../Users/student/Documents/Unreal Projects/MyGame/Content/MY/1Mesh/SM_Generic_Small_Rocks_01.uasset" 434
"../../../../../../Users/student/Documents/Unreal Projects/MyGame/Content/MY/1Mesh/SM_Generic_Small_Rocks_04.uasset" 435
"../../../../../../Users/student/Documents/Unreal Projects/MyGame/Content/MY/1Mesh/SM_Generic_Small_Rocks_05.uasset" 436
"../../../../../../Users/student/Documents/Unreal Projects/MyGame/Content/MY/1Mesh/SM_Generic_Tree_01.uasset" 437
"../../../../../../Users/student/Documents/Unreal Projects/MyGame/Content/MY/1Mesh/SM_Generic_Tree_02.uasset" 438
"../../../../../../Users/student/Documents/Unreal Projects/MyGame/Content/MY/1Mesh/SM_Generic_Tree_03.uasset" 439
"../../../../../../Users/student/Documents/Unreal Projects/MyGame/Content/MY/1Mesh/SM_Generic_Tree_04.uasset" 440
"../../../../../../Users/student/Documents/Unreal Projects/MyGame/Content/MY/1Mesh/SM_Generic_TreeDead_01.uasset" 441
"../../../../../../Users/student/Documents/Unreal Projects/MyGame/Content/MY/1Mesh/SM_Generic_TreeStump_01.uasset" 442
"../../../../../../Users/student/Documents/Unreal Projects/MyGame/Content/MY/1Mesh/SM_PolygonApocalypse_Bld_House_01.uasset" 443
"../../../../../../Users/student/Documents/Unreal Projects/MyGame/Content/MY/1Mesh/SM_PolygonPrototype_Buildings_Block_1x1_01P_SM_PolygonPrototype_Buildings_Block_1x1_01P.uasset" 444
"../../../../../../Users/student/Documents/Unreal Projects/MyGame/Content/MY/1Mesh/SM_PolygonPrototype_Buildings_Stairs_1x1_01P_SM_PolygonPrototype_Buildings_Stairs_1x1_01P.uasset" 445
"../../../../../../Users/student/Documents/Unreal Projects/MyGame/Content/MY/1Mesh/SM_PolygonPrototype_Icon_Letter_Question_01_SM_PolygonPrototype_Icon_Letter_Question_01.uasset" 446
"../../../../../../Users/student/Documents/Unreal Projects/MyGame/Content/MY/1Mesh/SM_PolygonPrototype_Primitive_Cylander_01P_SM_PolygonPrototype_Primitive_Cylander_01P.uasset" 447
"../../../../../../Users/student/Documents/Unreal Projects/MyGame/Content/MY/1Mesh/SM_PolygonPrototype_Prop_Cone_01_SM_PolygonPrototype_Prop_Cone_01.uasset" 448
"../../../../../../Users/student/Documents/Unreal Projects/MyGame/Content/MY/1Mesh/SM_PolygonPrototype_Prop_Crate_03_SM_PolygonPrototype_Prop_Crate_03.uasset" 449
"../../../../../../Users/student/Documents/Unreal Projects/MyGame/Content/MY/1Mesh/SM_SimpleSky_Dome_01_SM_SimpleSky_Dome_01.uasset" 450
"../../../../../../Users/student/Documents/Unreal Projects/MyGame/Content/MY/6UMG/UMG_GameOver.uasset" 451
"../../../../../../Users/student/Documents/Unreal Projects/MyGame/Content/NanumGothic_Font.uasset" 452
"../../../../../../Users/student/Documents/Unreal Projects/MyGame/Content/MY/7IMG/IMG_heart1.uasset" 453
"../../../../../../Users/student/Documents/Unreal Projects/MyGame/Content/MY/6UMG/UMG_UIE_Heart.uasset" 454
"../../../../../../Users/student/Documents/Unreal Projects/MyGame/Content/MY/7IMG/IMG_coin.uasset" 455
"../../../../../../Users/student/Documents/Unreal Projects/MyGame/Content/MY/6UMG/UMG_UHD.uasset" 456
"../../../../../../Users/student/Documents/Unreal Projects/MyGame/Content/StarterContent/Audio/Starter_Music01.uasset" 457
"../../../../../../Users/student/Documents/Unreal Projects/MyGame/Content/MY/0Map/MyMap.umap" 458
"../../../Engine/Content/EngineSky/C_Sky_Cloud_Color.uasset" 459
"../../../Engine/Content/EngineSky/C_Sky_Horizon_Color.uasset" 460
"../../../Engine/Content/EngineSky/C_Sky_Zenith_Color.uasset" 461
"../../../Engine/Content/EngineSky/T_Sky_Blue.uasset" 462
"../../../Engine/Content/EngineSky/T_Sky_Clouds_M.uasset" 463
"../../../Engine/Content/EngineSky/T_Sky_Stars.uasset" 464
"../../../Engine/Content/EngineSky/M_Sky_Panning_Clouds2.uasset" 465
"../../../Engine/Content/EngineSky/SM_SkySphere.uasset" 466
"../../../Engine/Content/EngineSky/BP_Sky_Sphere.uasset" 467
"../../../../../../Users/student/Documents/Unreal Projects/MyGame/Content/StarterContent/Maps/Minimal_Default_BuiltData.uasset" 468
"../../../../../../Users/student/Documents/Unreal Projects/MyGame/Content/StarterContent/Textures/T_MacroVariation.uasset" 469
"../../../../../../Users/student/Documents/Unreal Projects/MyGame/Content/StarterContent/Materials/M_Metal_Brushed_Nickel.uasset" 470
"../../../../../../Users/student/Documents/Unreal Projects/MyGame/Content/StarterContent/Textures/T_Metal_Aluminum_D.uasset" 471
"../../../../../../Users/student/Documents/Unreal Projects/MyGame/Content/StarterContent/Textures/T_Metal_Gold_N.uasset" 472
"../../../../../../Users/student/Documents/Unreal Projects/MyGame/Content/StarterContent/Materials/M_Metal_Burnished_Steel.uasset" 473
"../../../../../../Users/student/Documents/Unreal Projects/MyGame/Content/StarterContent/Textures/T_Metal_Copper_D.uasset" 474
"../../../../../../Users/student/Documents/Unreal Projects/MyGame/Content/StarterContent/Materials/M_Metal_Copper.uasset" 475
"../../../../../../Users/student/Documents/Unreal Projects/MyGame/Content/StarterContent/Textures/T_Chair_M.uasset" 476
"../../../../../../Users/student/Documents/Unreal Projects/MyGame/Content/StarterContent/Textures/T_Chair_N.uasset" 477
"../../../../../../Users/student/Documents/Unreal Projects/MyGame/Content/StarterContent/Props/Materials/M_Chair.uasset" 478
"../../../../../../Users/student/Documents/Unreal Projects/MyGame/Content/StarterContent/Textures/T_Statue_M.uasset" 479
"../../../../../../Users/student/Documents/Unreal Projects/MyGame/Content/StarterContent/Textures/T_Statue_N.uasset" 480
"../../../../../../Users/student/Documents/Unreal Projects/MyGame/Content/StarterContent/Props/Materials/M_StatueGlass.uasset" 481
"../../../../../../Users/student/Documents/Unreal Projects/MyGame/Content/StarterContent/Materials/M_Basic_Floor.uasset" 482
"../../../../../../Users/student/Documents/Unreal Projects/MyGame/Content/StarterContent/Architecture/Floor_400x400.uasset" 483
"../../../../../../Users/student/Documents/Unreal Projects/MyGame/Content/StarterContent/Audio/Starter_Background_Cue.uasset" 484
"../../../../../../Users/student/Documents/Unreal Projects/MyGame/Content/StarterContent/Props/SM_Chair.uasset" 485
"../../../../../../Users/student/Documents/Unreal Projects/MyGame/Content/StarterContent/Props/Materials/M_Statue.uasset" 486
"../../../../../../Users/student/Documents/Unreal Projects/MyGame/Content/StarterContent/Props/SM_Statue.uasset" 487
"../../../../../../Users/student/Documents/Unreal Projects/MyGame/Content/StarterContent/Textures/T_TableRound_M.uasset" 488
"../../../../../../Users/student/Documents/Unreal Projects/MyGame/Content/StarterContent/Textures/T_TableRound_N.uasset" 489
"../../../../../../Users/student/Documents/Unreal Projects/MyGame/Content/StarterContent/Props/Materials/M_TableRound.uasset" 490
"../../../../../../Users/student/Documents/Unreal Projects/MyGame/Content/StarterContent/Props/SM_TableRound.uasset" 491
"../../../../../../Users/student/Documents/Unreal Projects/MyGame/Content/StarterContent/Maps/Minimal_Default.umap" 492
